<?xml version="1.0" encoding="UTF-8"?>
<!-- Generated by org.testng.reporters.JUnitReportReporter -->
<testsuite hostname="LAPTOP-L4ML7MMC" name="PersonTest" tests="4" failures="0" timestamp="14 Oct 2016 19:51:09 GMT" time="0.007" errors="0">
  <testcase name="testFirstName" time="0.002" classname="PersonTest"/>
  <testcase name="testAge" time="0.001" classname="PersonTest"/>
  <testcase name="testLastName" time="0.001" classname="PersonTest"/>
  <testcase name="testGender" time="0.003" classname="PersonTest"/>
</testsuite> <!-- PersonTest -->
