<?xml version="1.0" encoding="UTF-8"?>
<!-- Generated by org.testng.reporters.JUnitReportReporter -->
<testsuite hostname="LAPTOP-L4ML7MMC" name="StudentTest" tests="7" failures="0" timestamp="14 Oct 2016 19:51:09 GMT" time="0.124" errors="0">
  <testcase name="testCalculateAverageGradeFirst" time="0.026" classname="StudentTest"/>
  <testcase name="testFirstGrade" time="0.011" classname="StudentTest"/>
  <testcase name="testCalculateAverageGradeAll" time="0.004" classname="StudentTest"/>
  <testcase name="testCalculateAverageGradeEmpty" time="0.016" classname="StudentTest"/>
  <testcase name="testToString" time="0.013" classname="StudentTest"/>
  <testcase name="testSecondGrade" time="0.003" classname="StudentTest"/>
  <testcase name="testThirdGrade" time="0.051" classname="StudentTest"/>
</testsuite> <!-- StudentTest -->
