<?xml version="1.0" encoding="UTF-8"?>
<!-- Generated by org.testng.reporters.JUnitReportReporter -->
<testsuite hostname="LAPTOP-L4ML7MMC" name="ClassroomTest" tests="6" failures="0" timestamp="14 Oct 2016 19:51:09 GMT" time="0.075" errors="0">
  <testcase name="testClassroomTerm" time="0.005" classname="ClassroomTest"/>
  <testcase name="testRemoveAStudent" time="0.049" classname="ClassroomTest"/>
  <testcase name="testSetGetStudents" time="0.008" classname="ClassroomTest"/>
  <testcase name="testPrintFullRelatory" time="0.004" classname="ClassroomTest"/>
  <testcase name="testClassroomName" time="0.004" classname="ClassroomTest"/>
  <testcase name="testAddANewStudent" time="0.005" classname="ClassroomTest"/>
</testsuite> <!-- ClassroomTest -->
